<?xml version="1.0" encoding="UTF-8"?>
<testng-results ignored="0" total="4" passed="4" failed="0" skipped="0">
  <reporter-output>
    <line>
      <![CDATA[Supplier-00000006415        Supplier-00000006415]]>
    </line>
    <line>
      <![CDATA[Supplier Number Added Success]]>
    </line>
    <line>
      <![CDATA[Supplier-00000006416        Supplier-00000006416]]>
    </line>
    <line>
      <![CDATA[Supplier Number Added Success]]>
    </line>
    <line>
      <![CDATA[Customer-00000012207       Customer-00000012207]]>
    </line>
    <line>
      <![CDATA[Customer-00000012208       Customer-00000012208]]>
    </line>
  </reporter-output>
  <suite started-at="2024-10-26T11:42:35 IST" name="Default suite" finished-at="2024-10-26T11:44:10 IST" duration-ms="94328">
    <groups>
      <group name="cucumber">
        <method signature="AbstractTestNGCucumberTests.runScenario(io.cucumber.testng.PickleWrapper,io.cucumber.testng.FeatureWrapper)[pri:0, instance:testRunner.Runner@23348b5d]" name="runScenario" class="io.cucumber.testng.AbstractTestNGCucumberTests"/>
      </group> <!-- cucumber -->
    </groups>
    <test started-at="2024-10-26T11:42:35 IST" name="Default test" finished-at="2024-10-26T11:44:10 IST" duration-ms="94328">
      <class name="testRunner.Runner">
        <test-method is-config="true" signature="setUpClass(org.testng.ITestContext)[pri:0, instance:testRunner.Runner@23348b5d]" started-at="2024-10-26T11:42:36 IST" name="setUpClass" finished-at="2024-10-26T11:42:37 IST" duration-ms="1169" status="PASS">
          <params>
            <param index="0">
              <value>
                <![CDATA[org.testng.TestRunner@71531dd7]]>
              </value>
            </param>
          </params>
          <reporter-output>
          </reporter-output>
        </test-method> <!-- setUpClass -->
        <test-method signature="runScenario(io.cucumber.testng.PickleWrapper,io.cucumber.testng.FeatureWrapper)[pri:0, instance:testRunner.Runner@23348b5d]" started-at="2024-10-26T11:42:37 IST" name="runScenario" description="Runs Cucumber Scenarios" data-provider="scenarios" finished-at="2024-10-26T11:43:04 IST" duration-ms="26786" status="PASS">
          <params>
            <param index="0">
              <value>
                <![CDATA[""]]>
              </value>
            </param>
            <param index="1">
              <value>
                <![CDATA["Unknown"]]>
              </value>
            </param>
          </params>
          <reporter-output>
            <line>
              <![CDATA[Supplier-00000006415        Supplier-00000006415]]>
            </line>
            <line>
              <![CDATA[Supplier Number Added Success]]>
            </line>
          </reporter-output>
        </test-method> <!-- runScenario -->
        <test-method signature="runScenario(io.cucumber.testng.PickleWrapper,io.cucumber.testng.FeatureWrapper)[pri:0, instance:testRunner.Runner@23348b5d]" started-at="2024-10-26T11:43:04 IST" name="runScenario" description="Runs Cucumber Scenarios" data-provider="scenarios" finished-at="2024-10-26T11:43:25 IST" duration-ms="21425" status="PASS">
          <params>
            <param index="0">
              <value>
                <![CDATA[""]]>
              </value>
            </param>
            <param index="1">
              <value>
                <![CDATA["Unknown"]]>
              </value>
            </param>
          </params>
          <reporter-output>
            <line>
              <![CDATA[Supplier-00000006416        Supplier-00000006416]]>
            </line>
            <line>
              <![CDATA[Supplier Number Added Success]]>
            </line>
          </reporter-output>
        </test-method> <!-- runScenario -->
        <test-method signature="runScenario(io.cucumber.testng.PickleWrapper,io.cucumber.testng.FeatureWrapper)[pri:0, instance:testRunner.Runner@23348b5d]" started-at="2024-10-26T11:43:25 IST" name="runScenario" description="Runs Cucumber Scenarios" data-provider="scenarios" finished-at="2024-10-26T11:43:47 IST" duration-ms="22295" status="PASS">
          <params>
            <param index="0">
              <value>
                <![CDATA[""]]>
              </value>
            </param>
            <param index="1">
              <value>
                <![CDATA["Unknown"]]>
              </value>
            </param>
          </params>
          <reporter-output>
            <line>
              <![CDATA[Customer-00000012207       Customer-00000012207]]>
            </line>
          </reporter-output>
        </test-method> <!-- runScenario -->
        <test-method signature="runScenario(io.cucumber.testng.PickleWrapper,io.cucumber.testng.FeatureWrapper)[pri:0, instance:testRunner.Runner@23348b5d]" started-at="2024-10-26T11:43:47 IST" name="runScenario" description="Runs Cucumber Scenarios" data-provider="scenarios" finished-at="2024-10-26T11:44:10 IST" duration-ms="22369" status="PASS">
          <params>
            <param index="0">
              <value>
                <![CDATA[""]]>
              </value>
            </param>
            <param index="1">
              <value>
                <![CDATA["Unknown"]]>
              </value>
            </param>
          </params>
          <reporter-output>
            <line>
              <![CDATA[Customer-00000012208       Customer-00000012208]]>
            </line>
          </reporter-output>
        </test-method> <!-- runScenario -->
        <test-method is-config="true" signature="tearDownClass()[pri:0, instance:testRunner.Runner@23348b5d]" started-at="2024-10-26T11:44:10 IST" name="tearDownClass" finished-at="2024-10-26T11:44:10 IST" duration-ms="172" status="PASS">
          <reporter-output>
          </reporter-output>
        </test-method> <!-- tearDownClass -->
      </class> <!-- testRunner.Runner -->
    </test> <!-- Default test -->
  </suite> <!-- Default suite -->
</testng-results>
